[    1085ms] [INFO] %cDownload the React DevTools for a better development experience: https://react.dev/link/react-devtools font-weight:bold @ http://localhost:3000/_next/static/chunks/1zcb_next_dist_1skd1x8._.js:2477
[    1144ms] [ERROR] Failed to load resource: the server responded with a status of 404 (Not Found) @ http://localhost:3000/manifest.json:0
[    1144ms] [ERROR] Manifest fetch from http://localhost:3000/manifest.json failed, code 404 @ http://localhost:3000/generation?sandbox=sb_1782755642630_e8ae1f12:0
[    1273ms] [LOG] [HMR] connected @ http://localhost:3000/_next/static/chunks/1zcb_next_dist_1skd1x8._.js:2477
[    1362ms] [ERROR] Failed to load resource: the server responded with a status of 404 (Not Found) @ http://localhost:3000/manifest.json:0
[    1368ms] [ERROR] Manifest fetch from http://localhost:3000/manifest.json failed, code 404 @ http://localhost:3000/generation?sandbox=sb_1782755642630_e8ae1f12:0
[    1387ms] [LOG] [Fast Refresh] rebuilding @ http://localhost:3000/_next/static/chunks/1zcb_next_dist_1skd1x8._.js:2477
[    1744ms] [LOG] [Fast Refresh] done in 457ms @ http://localhost:3000/_next/static/chunks/1zcb_next_dist_1skd1x8._.js:2477
[    1813ms] [LOG] [home] Cleared old conversation data on mount @ http://localhost:3000/_next/static/chunks/1zcb_next_dist_1skd1x8._.js:2477
[    1813ms] [LOG] [home] Restoring session for sandbox: sb_1782755642630_e8ae1f12 @ http://localhost:3000/_next/static/chunks/1zcb_next_dist_1skd1x8._.js:2477
[    1860ms] [LOG] [checkSandboxStatus] No existing sandboxData, clearing state @ http://localhost:3000/_next/static/chunks/1zcb_next_dist_1skd1x8._.js:2477
[   10424ms] [LOG] [home] Session restored (sandbox alive): sb_1782755642630_e8ae1f12 @ http://localhost:3000/_next/static/chunks/1zcb_next_dist_1skd1x8._.js:2477
[   10441ms] [LOG] [health-check] Starting periodic sandbox health check @ http://localhost:3000/_next/static/chunks/1zcb_next_dist_1skd1x8._.js:2477
[   10507ms] [ERROR] Failed to load resource: the server responded with a status of 404 (Not Found) @ http://localhost:3000/api/extend-sandbox-timeout:0
[   10507ms] [LOG] [keep-alive] Sandbox lifetime not extended: No active sandbox @ http://localhost:3000/_next/static/chunks/1zcb_next_dist_1skd1x8._.js:2477
[   11210ms] [LOG] [checkSandboxStatus] Keeping existing sandboxData, sandbox inactive but data preserved @ http://localhost:3000/_next/static/chunks/1zcb_next_dist_1skd1x8._.js:2477
[   12706ms] [LOG] [iframe] Loaded successfully @ http://localhost:3000/_next/static/chunks/1zcb_next_dist_1skd1x8._.js:2477
[   13072ms] [LOG] [site auto-select] Updating existing sandbox session with siteId: cmqwdq9lx00nkitm0b5h3j1rm @ http://localhost:3000/_next/static/chunks/1zcb_next_dist_1skd1x8._.js:2477
[   16593ms] [LOG] [site auto-select] Session updated: {session: Object} @ http://localhost:3000/_next/static/chunks/1zcb_next_dist_1skd1x8._.js:2477
[   16594ms] [LOG] [site auto-select] Updating sandboxData previewUrl: https://nuviq-menu.noeron.net @ http://localhost:3000/_next/static/chunks/1zcb_next_dist_1skd1x8._.js:2477
[   40443ms] [LOG] [health-check] Running periodic health check... @ http://localhost:3000/_next/static/chunks/1zcb_next_dist_1skd1x8._.js:2477
[   40477ms] [LOG] [checkSandboxStatus] Keeping existing sandboxData, sandbox inactive but data preserved @ http://localhost:3000/_next/static/chunks/1zcb_next_dist_1skd1x8._.js:2477
[   70444ms] [LOG] [health-check] Running periodic health check... @ http://localhost:3000/_next/static/chunks/1zcb_next_dist_1skd1x8._.js:2477
[   70478ms] [LOG] [checkSandboxStatus] Keeping existing sandboxData, sandbox inactive but data preserved @ http://localhost:3000/_next/static/chunks/1zcb_next_dist_1skd1x8._.js:2477
[  100445ms] [LOG] [health-check] Running periodic health check... @ http://localhost:3000/_next/static/chunks/1zcb_next_dist_1skd1x8._.js:2477
[  100490ms] [LOG] [checkSandboxStatus] Keeping existing sandboxData, sandbox inactive but data preserved @ http://localhost:3000/_next/static/chunks/1zcb_next_dist_1skd1x8._.js:2477
[  130446ms] [LOG] [health-check] Running periodic health check... @ http://localhost:3000/_next/static/chunks/1zcb_next_dist_1skd1x8._.js:2477
[  130483ms] [LOG] [checkSandboxStatus] Keeping existing sandboxData, sandbox inactive but data preserved @ http://localhost:3000/_next/static/chunks/1zcb_next_dist_1skd1x8._.js:2477
[  160443ms] [LOG] [health-check] Running periodic health check... @ http://localhost:3000/_next/static/chunks/1zcb_next_dist_1skd1x8._.js:2477
[  160470ms] [LOG] [checkSandboxStatus] Keeping existing sandboxData, sandbox inactive but data preserved @ http://localhost:3000/_next/static/chunks/1zcb_next_dist_1skd1x8._.js:2477
[  190446ms] [LOG] [health-check] Running periodic health check... @ http://localhost:3000/_next/static/chunks/1zcb_next_dist_1skd1x8._.js:2477
[  190504ms] [LOG] [checkSandboxStatus] Keeping existing sandboxData, sandbox inactive but data preserved @ http://localhost:3000/_next/static/chunks/1zcb_next_dist_1skd1x8._.js:2477
[  220443ms] [LOG] [health-check] Running periodic health check... @ http://localhost:3000/_next/static/chunks/1zcb_next_dist_1skd1x8._.js:2477
[  220473ms] [LOG] [checkSandboxStatus] Keeping existing sandboxData, sandbox inactive but data preserved @ http://localhost:3000/_next/static/chunks/1zcb_next_dist_1skd1x8._.js:2477
[  250445ms] [LOG] [health-check] Running periodic health check... @ http://localhost:3000/_next/static/chunks/1zcb_next_dist_1skd1x8._.js:2477
[  250479ms] [LOG] [checkSandboxStatus] Keeping existing sandboxData, sandbox inactive but data preserved @ http://localhost:3000/_next/static/chunks/1zcb_next_dist_1skd1x8._.js:2477
[  280446ms] [LOG] [health-check] Running periodic health check... @ http://localhost:3000/_next/static/chunks/1zcb_next_dist_1skd1x8._.js:2477
[  280485ms] [LOG] [checkSandboxStatus] Keeping existing sandboxData, sandbox inactive but data preserved @ http://localhost:3000/_next/static/chunks/1zcb_next_dist_1skd1x8._.js:2477
[  310447ms] [LOG] [health-check] Running periodic health check... @ http://localhost:3000/_next/static/chunks/1zcb_next_dist_1skd1x8._.js:2477
[  310473ms] [LOG] [checkSandboxStatus] Keeping existing sandboxData, sandbox inactive but data preserved @ http://localhost:3000/_next/static/chunks/1zcb_next_dist_1skd1x8._.js:2477
[  340446ms] [LOG] [health-check] Running periodic health check... @ http://localhost:3000/_next/static/chunks/1zcb_next_dist_1skd1x8._.js:2477
[  340484ms] [LOG] [checkSandboxStatus] Keeping existing sandboxData, sandbox inactive but data preserved @ http://localhost:3000/_next/static/chunks/1zcb_next_dist_1skd1x8._.js:2477
[  370444ms] [LOG] [health-check] Running periodic health check... @ http://localhost:3000/_next/static/chunks/1zcb_next_dist_1skd1x8._.js:2477
[  370479ms] [LOG] [checkSandboxStatus] Keeping existing sandboxData, sandbox inactive but data preserved @ http://localhost:3000/_next/static/chunks/1zcb_next_dist_1skd1x8._.js:2477
[  400445ms] [LOG] [health-check] Running periodic health check... @ http://localhost:3000/_next/static/chunks/1zcb_next_dist_1skd1x8._.js:2477
[  400494ms] [LOG] [checkSandboxStatus] Keeping existing sandboxData, sandbox inactive but data preserved @ http://localhost:3000/_next/static/chunks/1zcb_next_dist_1skd1x8._.js:2477
[  430447ms] [LOG] [health-check] Running periodic health check... @ http://localhost:3000/_next/static/chunks/1zcb_next_dist_1skd1x8._.js:2477
[  430501ms] [LOG] [checkSandboxStatus] Keeping existing sandboxData, sandbox inactive but data preserved @ http://localhost:3000/_next/static/chunks/1zcb_next_dist_1skd1x8._.js:2477
[  460446ms] [LOG] [health-check] Running periodic health check... @ http://localhost:3000/_next/static/chunks/1zcb_next_dist_1skd1x8._.js:2477
[  460501ms] [LOG] [checkSandboxStatus] Keeping existing sandboxData, sandbox inactive but data preserved @ http://localhost:3000/_next/static/chunks/1zcb_next_dist_1skd1x8._.js:2477
[  490446ms] [LOG] [health-check] Running periodic health check... @ http://localhost:3000/_next/static/chunks/1zcb_next_dist_1skd1x8._.js:2477
[  490501ms] [LOG] [checkSandboxStatus] Keeping existing sandboxData, sandbox inactive but data preserved @ http://localhost:3000/_next/static/chunks/1zcb_next_dist_1skd1x8._.js:2477
[  520445ms] [LOG] [health-check] Running periodic health check... @ http://localhost:3000/_next/static/chunks/1zcb_next_dist_1skd1x8._.js:2477
[  520488ms] [LOG] [checkSandboxStatus] Keeping existing sandboxData, sandbox inactive but data preserved @ http://localhost:3000/_next/static/chunks/1zcb_next_dist_1skd1x8._.js:2477
[  550449ms] [LOG] [health-check] Running periodic health check... @ http://localhost:3000/_next/static/chunks/1zcb_next_dist_1skd1x8._.js:2477
[  550506ms] [LOG] [checkSandboxStatus] Keeping existing sandboxData, sandbox inactive but data preserved @ http://localhost:3000/_next/static/chunks/1zcb_next_dist_1skd1x8._.js:2477
[  580447ms] [LOG] [health-check] Running periodic health check... @ http://localhost:3000/_next/static/chunks/1zcb_next_dist_1skd1x8._.js:2477
[  580488ms] [LOG] [checkSandboxStatus] Keeping existing sandboxData, sandbox inactive but data preserved @ http://localhost:3000/_next/static/chunks/1zcb_next_dist_1skd1x8._.js:2477
[  610444ms] [LOG] [health-check] Running periodic health check... @ http://localhost:3000/_next/static/chunks/1zcb_next_dist_1skd1x8._.js:2477
[  610470ms] [LOG] [checkSandboxStatus] Keeping existing sandboxData, sandbox inactive but data preserved @ http://localhost:3000/_next/static/chunks/1zcb_next_dist_1skd1x8._.js:2477
[  640446ms] [LOG] [health-check] Running periodic health check... @ http://localhost:3000/_next/static/chunks/1zcb_next_dist_1skd1x8._.js:2477
[  640485ms] [LOG] [checkSandboxStatus] Keeping existing sandboxData, sandbox inactive but data preserved @ http://localhost:3000/_next/static/chunks/1zcb_next_dist_1skd1x8._.js:2477
[  670444ms] [LOG] [health-check] Running periodic health check... @ http://localhost:3000/_next/static/chunks/1zcb_next_dist_1skd1x8._.js:2477
[  670477ms] [LOG] [checkSandboxStatus] Keeping existing sandboxData, sandbox inactive but data preserved @ http://localhost:3000/_next/static/chunks/1zcb_next_dist_1skd1x8._.js:2477
[  700444ms] [LOG] [health-check] Running periodic health check... @ http://localhost:3000/_next/static/chunks/1zcb_next_dist_1skd1x8._.js:2477
[  700479ms] [LOG] [checkSandboxStatus] Keeping existing sandboxData, sandbox inactive but data preserved @ http://localhost:3000/_next/static/chunks/1zcb_next_dist_1skd1x8._.js:2477
[  730447ms] [LOG] [health-check] Running periodic health check... @ http://localhost:3000/_next/static/chunks/1zcb_next_dist_1skd1x8._.js:2477
[  730505ms] [LOG] [checkSandboxStatus] Keeping existing sandboxData, sandbox inactive but data preserved @ http://localhost:3000/_next/static/chunks/1zcb_next_dist_1skd1x8._.js:2477
