[     293ms] [INFO] %cDownload the React DevTools for a better development experience: https://react.dev/link/react-devtools font-weight:bold @ http://localhost:3000/_next/static/chunks/1zcb_next_dist_1skd1x8._.js:2477
[     337ms] [VERBOSE] [DOM] Input elements should have autocomplete attributes (suggested: "current-password"): (More info: https://goo.gl/9p2vKq) %o @ http://localhost:3000/auth/signin:0
[     338ms] [ERROR] Failed to load resource: the server responded with a status of 404 (Not Found) @ http://localhost:3000/manifest.json:0
[     339ms] [ERROR] Manifest fetch from http://localhost:3000/manifest.json failed, code 404 @ http://localhost:3000/auth/signin:0
[     345ms] [LOG] [HMR] connected @ http://localhost:3000/_next/static/chunks/1zcb_next_dist_1skd1x8._.js:2477
[     472ms] [LOG] [Fast Refresh] rebuilding @ http://localhost:3000/_next/static/chunks/1zcb_next_dist_1skd1x8._.js:2477
[     584ms] [ERROR] Failed to load resource: the server responded with a status of 404 (Not Found) @ http://localhost:3000/manifest.json:0
[     587ms] [ERROR] Manifest fetch from http://localhost:3000/manifest.json failed, code 404 @ http://localhost:3000/auth/signin:0
[     626ms] [LOG] [Fast Refresh] done in 254ms @ http://localhost:3000/_next/static/chunks/1zcb_next_dist_1skd1x8._.js:2477
[   15827ms] [LOG] [Fast Refresh] rebuilding @ http://localhost:3000/_next/static/chunks/1zcb_next_dist_1skd1x8._.js:2477
[   16109ms] [LOG] [Fast Refresh] done in 384ms @ http://localhost:3000/_next/static/chunks/1zcb_next_dist_1skd1x8._.js:2477
[   16372ms] [LOG] [Fast Refresh] rebuilding @ http://localhost:3000/_next/static/chunks/1zcb_next_dist_1skd1x8._.js:2477
[   16508ms] [LOG] [Fast Refresh] done in 238ms @ http://localhost:3000/_next/static/chunks/1zcb_next_dist_1skd1x8._.js:2477
[   18823ms] [INFO] %cDownload the React DevTools for a better development experience: https://react.dev/link/react-devtools font-weight:bold @ http://localhost:3000/_next/static/chunks/1zcb_next_dist_1skd1x8._.js:2477
[   18863ms] [LOG] [HMR] connected @ http://localhost:3000/_next/static/chunks/1zcb_next_dist_1skd1x8._.js:2477
[   18868ms] [ERROR] Failed to load resource: the server responded with a status of 404 (Not Found) @ http://localhost:3000/manifest.json:0
[   18911ms] [ERROR] Manifest fetch from http://localhost:3000/manifest.json failed, code 404 @ http://localhost:3000/generation:0
[   19117ms] [LOG] [home] Cleared old conversation data on mount @ http://localhost:3000/_next/static/chunks/1zcb_next_dist_1skd1x8._.js:2477
[   19118ms] [LOG] [home] No sandbox in URL, creating new sandbox automatically... @ http://localhost:3000/_next/static/chunks/1zcb_next_dist_1skd1x8._.js:2477
[   19118ms] [LOG] [createSandbox] Starting sandbox creation... @ http://localhost:3000/_next/static/chunks/1zcb_next_dist_1skd1x8._.js:2477
[   19125ms] [ERROR] Failed to load resource: the server responded with a status of 404 (Not Found) @ http://localhost:3000/manifest.json:0
[   19126ms] [LOG] [checkSandboxStatus] No existing sandboxData, clearing state @ http://localhost:3000/_next/static/chunks/1zcb_next_dist_1skd1x8._.js:2477
[   19131ms] [ERROR] Manifest fetch from http://localhost:3000/manifest.json failed, code 404 @ http://localhost:3000/generation:0
[   27414ms] [ERROR] Failed to load resource: the server responded with a status of 500 (Internal Server Error) @ http://localhost:3000/api/create-ai-sandbox-v2:0
[   27415ms] [LOG] [createSandbox] Response data: {error: Status code 400 is not ok, details: Error: Status code 400 is not ok
    at parse (/Us…ules/next/dist/server/lib/start-server.js:225:13)} @ http://localhost:3000/_next/static/chunks/1zcb_next_dist_1skd1x8._.js:2477
[   27416ms] [ERROR] [createSandbox] Error: Error: Status code 400 is not ok
    at createSandbox (http://localhost:3000/_next/static/chunks/_1cdqcqr._.js:2318:23)
    at async AISandboxPage.useEffect.initializePage (http://localhost:3000/_next/static/chunks/_1cdqcqr._.js:1846:29) @ http://localhost:3000/_next/static/chunks/1zcb_next_dist_1skd1x8._.js:3318
[   27417ms] [ERROR] [ai-sandbox] Failed to create or restore sandbox: Error: Status code 400 is not ok
    at createSandbox (http://localhost:3000/_next/static/chunks/_1cdqcqr._.js:2318:23)
    at async AISandboxPage.useEffect.initializePage (http://localhost:3000/_next/static/chunks/_1cdqcqr._.js:1846:29) @ http://localhost:3000/_next/static/chunks/1zcb_next_dist_1skd1x8._.js:3318
[   44621ms] [LOG] [Fast Refresh] rebuilding @ http://localhost:3000/_next/static/chunks/1zcb_next_dist_1skd1x8._.js:2477
[   44638ms] [LOG] [Fast Refresh] done in 119ms @ http://localhost:3000/_next/static/chunks/1zcb_next_dist_1skd1x8._.js:2477
[ 1703061ms] [LOG] [Fast Refresh] rebuilding @ http://localhost:3000/_next/static/chunks/1zcb_next_dist_1skd1x8._.js:2477
[ 1703119ms] [LOG] [Fast Refresh] done in 162ms @ http://localhost:3000/_next/static/chunks/1zcb_next_dist_1skd1x8._.js:2477
[ 1931229ms] [LOG] [Fast Refresh] rebuilding @ http://localhost:3000/_next/static/chunks/1zcb_next_dist_1skd1x8._.js:2477
[ 1931241ms] [LOG] [Fast Refresh] done in 122ms @ http://localhost:3000/_next/static/chunks/1zcb_next_dist_1skd1x8._.js:2477
[ 2035648ms] [WARNING] Detected `scroll-behavior: smooth` on the `<html>` element. To disable smooth scrolling during route transitions, add `data-scroll-behavior="smooth"` to your <html> element. Learn more: https://nextjs.org/docs/messages/missing-data-scroll-behavior @ http://localhost:3000/_next/static/chunks/1zcb_next_dist_1skd1x8._.js:2477
[ 2035732ms] [ERROR] Failed to load resource: the server responded with a status of 404 (Not Found) @ http://localhost:3000/manifest.json:0
[ 2035736ms] [ERROR] Manifest fetch from http://localhost:3000/manifest.json failed, code 404 @ http://localhost:3000/sites:0
[ 2051771ms] [LOG] [home] Cleared old conversation data on mount @ http://localhost:3000/_next/static/chunks/1zcb_next_dist_1skd1x8._.js:2477
[ 2051779ms] [LOG] [checkSandboxStatus] No existing sandboxData, clearing state @ http://localhost:3000/_next/static/chunks/1zcb_next_dist_1skd1x8._.js:2477
[ 2051789ms] [LOG] [home] Cleared old conversation data on mount @ http://localhost:3000/_next/static/chunks/1zcb_next_dist_1skd1x8._.js:2477
[ 2051789ms] [LOG] [home] Restoring session for sandbox: sb_1782493819541_81308cba @ http://localhost:3000/_next/static/chunks/1zcb_next_dist_1skd1x8._.js:2477
[ 2051800ms] [LOG] [checkSandboxStatus] No existing sandboxData, clearing state @ http://localhost:3000/_next/static/chunks/1zcb_next_dist_1skd1x8._.js:2477
[ 2051816ms] [ERROR] Failed to load resource: the server responded with a status of 404 (Not Found) @ http://localhost:3000/manifest.json:0
[ 2051827ms] [ERROR] Manifest fetch from http://localhost:3000/manifest.json failed, code 404 @ http://localhost:3000/generation?sandbox=sb_1782493819541_81308cba:0
[ 2054665ms] [ERROR] Failed to load resource: the server responded with a status of 410 () @ https://sb-426i7ihjeklo.vercel.run/:0
[ 2054666ms] [LOG] [home] Session restored (sandbox alive): sb_1782493819541_81308cba @ http://localhost:3000/_next/static/chunks/1zcb_next_dist_1skd1x8._.js:2477
[ 2054684ms] [ERROR] Failed to load resource: the server responded with a status of 404 (Not Found) @ http://localhost:3000/manifest.json:0
[ 2054686ms] [ERROR] Manifest fetch from http://localhost:3000/manifest.json failed, code 404 @ http://localhost:3000/sites:0
