[      87ms] [INFO] %cDownload the React DevTools for a better development experience: https://react.dev/link/react-devtools font-weight:bold @ http://localhost:3000/_next/static/chunks/1zcb_next_dist_1skd1x8._.js:2477
[     117ms] [LOG] [HMR] connected @ http://localhost:3000/_next/static/chunks/1zcb_next_dist_1skd1x8._.js:2477
[     126ms] [ERROR] Failed to load resource: the server responded with a status of 404 (Not Found) @ http://localhost:3000/manifest.json:0
[     138ms] [ERROR] Manifest fetch from http://localhost:3000/manifest.json failed, code 404 @ http://localhost:3000/generation?sandbox=sb_1782516560479_db423e9e:0
[     289ms] [LOG] [home] Cleared old conversation data on mount @ http://localhost:3000/_next/static/chunks/1zcb_next_dist_1skd1x8._.js:2477
[     289ms] [LOG] [home] Restoring session for sandbox: sb_1782516560479_db423e9e @ http://localhost:3000/_next/static/chunks/1zcb_next_dist_1skd1x8._.js:2477
[     323ms] [ERROR] Failed to load resource: the server responded with a status of 404 (Not Found) @ http://localhost:3000/manifest.json:0
[     336ms] [ERROR] Manifest fetch from http://localhost:3000/manifest.json failed, code 404 @ http://localhost:3000/generation?sandbox=sb_1782516560479_db423e9e:0
[     985ms] [LOG] [checkSandboxStatus] Setting sandboxData from API: {sandboxId: sbx_q3f8b3oInqYyMNNCaVSlJfcv8wsF, url: https://sb-714itdvhs4ty.vercel.run, filesTracked: Array(0), lastHealthCheck: 2026-06-26T23:30:05.417Z} @ http://localhost:3000/_next/static/chunks/1zcb_next_dist_1skd1x8._.js:2477
[     998ms] [LOG] [health-check] Starting periodic sandbox health check @ http://localhost:3000/_next/static/chunks/1zcb_next_dist_1skd1x8._.js:2477
[    1360ms] [LOG] [keep-alive] Sandbox lifetime not extended: Sandbox lifetime could not be extended (plan maximum reached or unsupported) @ http://localhost:3000/_next/static/chunks/1zcb_next_dist_1skd1x8._.js:2477
[    2450ms] [LOG] [checkSandboxStatus] Setting sandboxData from API: {sandboxId: sbx_q3f8b3oInqYyMNNCaVSlJfcv8wsF, url: https://sb-714itdvhs4ty.vercel.run, filesTracked: Array(0), lastHealthCheck: 2026-06-26T23:30:06.893Z} @ http://localhost:3000/_next/static/chunks/1zcb_next_dist_1skd1x8._.js:2477
[    2822ms] [LOG] [iframe] Loaded successfully @ http://localhost:3000/_next/static/chunks/1zcb_next_dist_1skd1x8._.js:2477
[    2971ms] [LOG] [home] Session restored (sandbox alive): sb_1782516560479_db423e9e @ http://localhost:3000/_next/static/chunks/1zcb_next_dist_1skd1x8._.js:2477
[    3637ms] [LOG] [keep-alive] Sandbox lifetime not extended: Sandbox lifetime could not be extended (plan maximum reached or unsupported) @ http://localhost:3000/_next/static/chunks/1zcb_next_dist_1skd1x8._.js:2477
[   31000ms] [LOG] [health-check] Running periodic health check... @ http://localhost:3000/_next/static/chunks/1zcb_next_dist_1skd1x8._.js:2477
[   31753ms] [LOG] [checkSandboxStatus] Setting sandboxData from API: {sandboxId: sbx_q3f8b3oInqYyMNNCaVSlJfcv8wsF, url: https://sb-714itdvhs4ty.vercel.run, filesTracked: Array(0), lastHealthCheck: 2026-06-26T23:30:36.146Z} @ http://localhost:3000/_next/static/chunks/1zcb_next_dist_1skd1x8._.js:2477
[   32165ms] [LOG] [keep-alive] Sandbox lifetime not extended: Sandbox lifetime could not be extended (plan maximum reached or unsupported) @ http://localhost:3000/_next/static/chunks/1zcb_next_dist_1skd1x8._.js:2477
[   61000ms] [LOG] [health-check] Running periodic health check... @ http://localhost:3000/_next/static/chunks/1zcb_next_dist_1skd1x8._.js:2477
[   61755ms] [LOG] [checkSandboxStatus] Setting sandboxData from API: {sandboxId: sbx_q3f8b3oInqYyMNNCaVSlJfcv8wsF, url: https://sb-714itdvhs4ty.vercel.run, filesTracked: Array(0), lastHealthCheck: 2026-06-26T23:31:06.141Z} @ http://localhost:3000/_next/static/chunks/1zcb_next_dist_1skd1x8._.js:2477
[   91001ms] [LOG] [health-check] Running periodic health check... @ http://localhost:3000/_next/static/chunks/1zcb_next_dist_1skd1x8._.js:2477
[   91755ms] [LOG] [checkSandboxStatus] Setting sandboxData from API: {sandboxId: sbx_q3f8b3oInqYyMNNCaVSlJfcv8wsF, url: https://sb-714itdvhs4ty.vercel.run, filesTracked: Array(0), lastHealthCheck: 2026-06-26T23:31:36.141Z} @ http://localhost:3000/_next/static/chunks/1zcb_next_dist_1skd1x8._.js:2477
