[      96ms] [INFO] %cDownload the React DevTools for a better development experience: https://react.dev/link/react-devtools font-weight:bold @ http://localhost:3000/_next/static/chunks/1zcb_next_dist_1skd1x8._.js:2477
[     139ms] [LOG] [HMR] connected @ http://localhost:3000/_next/static/chunks/1zcb_next_dist_1skd1x8._.js:2477
[     170ms] [ERROR] Failed to load resource: the server responded with a status of 404 (Not Found) @ http://localhost:3000/manifest.json:0
[     286ms] [ERROR] Manifest fetch from http://localhost:3000/manifest.json failed, code 404 @ http://localhost:3000/generation:0
[     344ms] [ERROR] Failed to load resource: the server responded with a status of 404 (Not Found) @ http://localhost:3000/manifest.json:0
[     347ms] [ERROR] Manifest fetch from http://localhost:3000/manifest.json failed, code 404 @ http://localhost:3000/generation:0
[     408ms] [LOG] [home] Cleared old conversation data on mount @ http://localhost:3000/_next/static/chunks/1zcb_next_dist_1skd1x8._.js:2477
[     409ms] [LOG] [home] No sandbox in URL, creating new sandbox automatically... @ http://localhost:3000/_next/static/chunks/1zcb_next_dist_1skd1x8._.js:2477
[     409ms] [LOG] [createSandbox] Starting sandbox creation... @ http://localhost:3000/_next/static/chunks/1zcb_next_dist_1skd1x8._.js:2477
[    1103ms] [LOG] [checkSandboxStatus] Setting sandboxData from API: {sandboxId: sbx_jNMBq9g9q5NeT3Urpkli85q21Zh2, url: https://sb-3cfpibtyv7tv.vercel.run, filesTracked: Array(0), lastHealthCheck: 2026-06-27T00:25:44.221Z} @ http://localhost:3000/_next/static/chunks/1zcb_next_dist_1skd1x8._.js:2477
[    1111ms] [LOG] [health-check] Starting periodic sandbox health check @ http://localhost:3000/_next/static/chunks/1zcb_next_dist_1skd1x8._.js:2477
[    1460ms] [LOG] [keep-alive] Sandbox lifetime not extended: Sandbox lifetime could not be extended (plan maximum reached or unsupported) @ http://localhost:3000/_next/static/chunks/1zcb_next_dist_1skd1x8._.js:2477
[    2713ms] [LOG] [checkSandboxStatus] Setting sandboxData from API: {sandboxId: sbx_jNMBq9g9q5NeT3Urpkli85q21Zh2, url: https://sb-3cfpibtyv7tv.vercel.run, filesTracked: Array(0), lastHealthCheck: 2026-06-27T00:25:45.686Z} @ http://localhost:3000/_next/static/chunks/1zcb_next_dist_1skd1x8._.js:2477
[    2960ms] [ERROR] Failed to load resource: the server responded with a status of 500 () @ https://sb-3cfpibtyv7tv.vercel.run/src/index.css?t=1782519786602:0
[    2966ms] [LOG] [iframe] Loaded successfully @ http://localhost:3000/_next/static/chunks/1zcb_next_dist_1skd1x8._.js:2477
[    3032ms] [ERROR] Failed to load resource: the server responded with a status of 500 () @ https://sb-3cfpibtyv7tv.vercel.run/src/App.jsx?t=1782519786261:0
[    9209ms] [LOG] [vite] server connection lost. polling for restart... @ https://sb-3cfpibtyv7tv.vercel.run/@vite/client:287
[    9434ms] [ERROR] Failed to load resource: the server responded with a status of 502 () @ https://sb-3cfpibtyv7tv.vercel.run/:0
[    9726ms] [ERROR] Failed to load resource: the server responded with a status of 502 () @ https://sb-3cfpibtyv7tv.vercel.run/:0
[    9731ms] [LOG] [iframe] Loaded successfully @ http://localhost:3000/_next/static/chunks/1zcb_next_dist_1skd1x8._.js:2477
